<?xml version="1.0" encoding="UTF-8"?>
<testng-results ignored="0" total="4" passed="4" failed="0" skipped="0">
  <reporter-output>
  </reporter-output>
  <suite started-at="2021-11-28T14:41:21Z" name="Suite" finished-at="2021-11-28T14:41:22Z" duration-ms="40">
    <groups>
    </groups>
    <test started-at="2021-11-28T14:41:21Z" name="Test" finished-at="2021-11-28T14:41:22Z" duration-ms="40">
      <class name="qaclickacademy.RESTAPITest">
        <test-method signature="deleteTwitter()[pri:0, instance:qaclickacademy.RESTAPITest@37271612]" started-at="2021-11-28T20:11:22Z" name="deleteTwitter" finished-at="2021-11-28T20:11:22Z" duration-ms="1" status="PASS">
          <reporter-output>
          </reporter-output>
        </test-method> <!-- deleteTwitter -->
        <test-method signature="postJira()[pri:0, instance:qaclickacademy.RESTAPITest@37271612]" started-at="2021-11-28T20:11:22Z" name="postJira" finished-at="2021-11-28T20:11:22Z" duration-ms="1" status="PASS">
          <reporter-output>
          </reporter-output>
        </test-method> <!-- postJira -->
      </class> <!-- qaclickacademy.RESTAPITest -->
      <class name="qaclickacademy.SeleniumTest">
        <test-method signature="BrowserAUtomation()[pri:0, instance:qaclickacademy.SeleniumTest@6aaceffd]" started-at="2021-11-28T20:11:21Z" name="BrowserAUtomation" finished-at="2021-11-28T20:11:21Z" duration-ms="8" status="PASS">
          <reporter-output>
          </reporter-output>
        </test-method> <!-- BrowserAUtomation -->
        <test-method signature="elementsUi()[pri:0, instance:qaclickacademy.SeleniumTest@6aaceffd]" started-at="2021-11-28T20:11:21Z" name="elementsUi" finished-at="2021-11-28T20:11:21Z" duration-ms="1" status="PASS">
          <reporter-output>
          </reporter-output>
        </test-method> <!-- elementsUi -->
      </class> <!-- qaclickacademy.SeleniumTest -->
    </test> <!-- Test -->
  </suite> <!-- Suite -->
</testng-results>
